2017-12-04 11:00:43 4164 [Note] InnoDB: Mutexes and rw_locks use Windows interlocked functions
2017-12-04 11:00:43 4164 [Note] InnoDB: Uses event mutexes
2017-12-04 11:00:43 4164 [Note] InnoDB: Compressed tables use zlib 1.2.3
2017-12-04 11:00:43 4164 [Note] InnoDB: Number of pools: 1
2017-12-04 11:00:43 4164 [Note] InnoDB: Using SSE2 crc32 instructions
2017-12-04 11:00:43 4164 [Note] InnoDB: Initializing buffer pool, total size = 128M, instances = 1, chunk size = 128M
2017-12-04 11:00:43 4164 [Note] InnoDB: Completed initialization of buffer pool
2017-12-04 11:00:43 4164 [Note] InnoDB: The first innodb_system data file 'ibdata1' did not exist. A new tablespace will be created!
2017-12-04 11:00:43 4164 [Note] InnoDB: Setting file '.\ibdata1' size to 12 MB. Physically writing the file full; Please wait ...
2017-12-04 11:00:43 4164 [Note] InnoDB: File '.\ibdata1' size is now 12 MB.
2017-12-04 11:00:43 4164 [Note] InnoDB: Setting log file .\ib_logfile101 size to 50331648 bytes
2017-12-04 11:00:43 4164 [Note] InnoDB: Setting log file .\ib_logfile1 size to 50331648 bytes
2017-12-04 11:00:43 4164 [Note] InnoDB: Renaming log file .\ib_logfile101 to .\ib_logfile0
2017-12-04 11:00:43 4164 [Note] InnoDB: New log files created, LSN=45790
2017-12-04 11:00:43 4164 [Note] InnoDB: Doublewrite buffer not found: creating new
2017-12-04 11:00:43 4164 [Note] InnoDB: Doublewrite buffer created
2017-12-04 11:00:43 4164 [Note] InnoDB: 128 out of 128 rollback segments are active.
2017-12-04 11:00:43 4164 [Note] InnoDB: Creating foreign key constraint system tables.
2017-12-04 11:00:43 4164 [Note] InnoDB: Creating tablespace and datafile system tables.
2017-12-04 11:00:44 4164 [Note] InnoDB: Creating sys_virtual system tables.
2017-12-04 11:00:44 4164 [Note] InnoDB: Creating shared tablespace for temporary tables
2017-12-04 11:00:44 4164 [Note] InnoDB: Setting file '.\ibtmp1' size to 12 MB. Physically writing the file full; Please wait ...
2017-12-04 11:00:44 4164 [Note] InnoDB: File '.\ibtmp1' size is now 12 MB.
2017-12-04 11:00:44 4164 [Note] InnoDB: Waiting for purge to start
2017-12-04 11:00:44 4164 [Note] InnoDB: 5.7.20 started; log sequence number 0
2017-12-04 11:00:44 4164 [Note] Plugin 'FEEDBACK' is disabled.
2017-12-04 11:02:05 11888 [Note] InnoDB: Mutexes and rw_locks use Windows interlocked functions
2017-12-04 11:02:05 11888 [Note] InnoDB: Uses event mutexes
2017-12-04 11:02:05 11888 [Note] InnoDB: Compressed tables use zlib 1.2.3
2017-12-04 11:02:05 11888 [Note] InnoDB: Number of pools: 1
2017-12-04 11:02:05 11888 [Note] InnoDB: Using SSE2 crc32 instructions
2017-12-04 11:02:05 11888 [Note] InnoDB: Initializing buffer pool, total size = 128M, instances = 1, chunk size = 128M
2017-12-04 11:02:05 11888 [Note] InnoDB: Completed initialization of buffer pool
2017-12-04 11:02:05 11888 [Note] InnoDB: Highest supported file format is Barracuda.
2017-12-04 11:02:05 11888 [Note] InnoDB: 128 out of 128 rollback segments are active.
2017-12-04 11:02:05 11888 [Note] InnoDB: Creating shared tablespace for temporary tables
2017-12-04 11:02:06 11888 [Note] InnoDB: Setting file '.\ibtmp1' size to 12 MB. Physically writing the file full; Please wait ...
2017-12-04 11:02:06 11888 [Note] InnoDB: File '.\ibtmp1' size is now 12 MB.
2017-12-04 11:02:06 11888 [Note] InnoDB: Waiting for purge to start
2017-12-04 11:02:06 11888 [Note] InnoDB: 5.7.20 started; log sequence number 1619987
2017-12-04 11:02:06 8028 [Note] InnoDB: Loading buffer pool(s) from F:\test\mariadb\datadir\ib_buffer_pool
2017-12-04 11:02:06 8028 [Note] InnoDB: Buffer pool(s) load completed at 171204 11:02:06
2017-12-04 11:02:06 11888 [Note] Plugin 'FEEDBACK' is disabled.
2017-12-04 11:02:22 6660 [Note] InnoDB: Mutexes and rw_locks use Windows interlocked functions
2017-12-04 11:02:22 6660 [Note] InnoDB: Uses event mutexes
2017-12-04 11:02:22 6660 [Note] InnoDB: Compressed tables use zlib 1.2.3
2017-12-04 11:02:22 6660 [Note] InnoDB: Number of pools: 1
2017-12-04 11:02:22 6660 [Note] InnoDB: Using SSE2 crc32 instructions
2017-12-04 11:02:22 6660 [Note] InnoDB: Initializing buffer pool, total size = 128M, instances = 1, chunk size = 128M
2017-12-04 11:02:22 6660 [Note] InnoDB: Completed initialization of buffer pool
2017-12-04 11:02:22 6660 [Note] InnoDB: Highest supported file format is Barracuda.
2017-12-04 11:02:22 6660 [Note] InnoDB: 128 out of 128 rollback segments are active.
2017-12-04 11:02:22 6660 [Note] InnoDB: Creating shared tablespace for temporary tables
2017-12-04 11:02:22 6660 [Note] InnoDB: Setting file '.\ibtmp1' size to 12 MB. Physically writing the file full; Please wait ...
2017-12-04 11:02:22 6660 [Note] InnoDB: File '.\ibtmp1' size is now 12 MB.
2017-12-04 11:02:22 6660 [Note] InnoDB: Waiting for purge to start
2017-12-04 11:02:22 6660 [Note] InnoDB: 5.7.20 started; log sequence number 1620006
2017-12-04 11:02:22 14484 [Note] InnoDB: Loading buffer pool(s) from F:\test\mariadb\datadir\ib_buffer_pool
2017-12-04 11:02:22 14484 [Note] InnoDB: Buffer pool(s) load completed at 171204 11:02:22
2017-12-04 11:02:22 6660 [Note] Plugin 'FEEDBACK' is disabled.
2017-12-04 11:02:43 13584 [Note] InnoDB: Mutexes and rw_locks use Windows interlocked functions
2017-12-04 11:02:43 13584 [Note] InnoDB: Uses event mutexes
2017-12-04 11:02:43 13584 [Note] InnoDB: Compressed tables use zlib 1.2.3
2017-12-04 11:02:43 13584 [Note] InnoDB: Number of pools: 1
2017-12-04 11:02:43 13584 [Note] InnoDB: Using SSE2 crc32 instructions
2017-12-04 11:02:43 13584 [Note] InnoDB: Initializing buffer pool, total size = 128M, instances = 1, chunk size = 128M
2017-12-04 11:02:43 13584 [Note] InnoDB: Completed initialization of buffer pool
2017-12-04 11:02:43 13584 [Note] InnoDB: Highest supported file format is Barracuda.
2017-12-04 11:02:43 13584 [Note] InnoDB: 128 out of 128 rollback segments are active.
2017-12-04 11:02:43 13584 [Note] InnoDB: Creating shared tablespace for temporary tables
2017-12-04 11:02:43 13584 [Note] InnoDB: Setting file '.\ibtmp1' size to 12 MB. Physically writing the file full; Please wait ...
2017-12-04 11:02:43 13584 [Note] InnoDB: File '.\ibtmp1' size is now 12 MB.
2017-12-04 11:02:43 13584 [Note] InnoDB: Waiting for purge to start
2017-12-04 11:02:43 13584 [Note] InnoDB: 5.7.20 started; log sequence number 1620025
2017-12-04 11:02:43 12528 [Note] InnoDB: Loading buffer pool(s) from F:\test\mariadb\datadir\ib_buffer_pool
2017-12-04 11:02:43 12528 [Note] InnoDB: Buffer pool(s) load completed at 171204 11:02:43
2017-12-04 11:02:43 13584 [Note] Plugin 'FEEDBACK' is disabled.
